<?xml version="1.0" encoding="UTF-8"?>
<testng-results ignored="0" total="1" passed="1" failed="0" skipped="0">
  <reporter-output>
  </reporter-output>
  <suite started-at="2023-02-22T12:02:39 IST" name="Default suite" finished-at="2023-02-22T12:02:59 IST" duration-ms="20216">
    <groups>
    </groups>
    <test started-at="2023-02-22T12:02:39 IST" name="Default test" finished-at="2023-02-22T12:02:59 IST" duration-ms="20216">
      <class name="dataDriverTest.ScreenshotDemo">
        <test-method signature="capture()[pri:0, instance:dataDriverTest.ScreenshotDemo@dd8ba08]" started-at="2023-02-22T12:02:39 IST" name="capture" finished-at="2023-02-22T12:02:59 IST" duration-ms="20140" status="PASS">
          <reporter-output>
          </reporter-output>
        </test-method> <!-- capture -->
      </class> <!-- dataDriverTest.ScreenshotDemo -->
    </test> <!-- Default test -->
  </suite> <!-- Default suite -->
</testng-results>
